<ShowPlanXML xmlns="http://schemas.microsoft.com/sqlserver/2004/07/showplan" 
Version="1.564" 
Build="16.0.4175.1">
<BatchSequence>
<Batch>
<Statements>
<StmtSimple StatementText="SELECT * FROM Report WHERE ReportData.exist(&apos;/Orders/Order[1]&apos;) = 1" StatementId="1" StatementCompId="1" StatementType="SELECT" RetrievedFromCache="true" StatementSubTreeCost="0.0178375" StatementEstRows="1" SecurityPolicyApplied="false" StatementOptmLevel="FULL" QueryHash="0x5E85E0577BC683C5" QueryPlanHash="0xBD18AC9B910CE744" StatementOptmEarlyAbortReason="GoodEnoughPlanFound" CardinalityEstimationModelVersion="160"><StatementSetOptions QUOTED_IDENTIFIER="true" ARITHABORT="false" CONCAT_NULL_YIELDS_NULL="true" ANSI_NULLS="true" ANSI_PADDING="true" ANSI_WARNINGS="true" NUMERIC_ROUNDABORT="false"></StatementSetOptions><QueryPlan DegreeOfParallelism="1" CachedPlanSize="40" CompileTime="5" CompileCPU="5" CompileMemory="632"><MemoryGrantInfo SerialRequiredMemory="0" SerialDesiredMemory="0" GrantedMemory="0" MaxUsedMemory="0"></MemoryGrantInfo><OptimizerHardwareDependentProperties EstimatedAvailableMemoryGrant="80230" EstimatedPagesCached="40115" EstimatedAvailableDegreeOfParallelism="4" MaxCompileMemory="2379592"></OptimizerHardwareDependentProperties><OptimizerStatsUsage><StatisticsInfo LastUpdate="2025-05-10T11:22:52.03" ModificationCount="0" SamplingPercent="100" Statistics="[_WA_Sys_00000001_226010D3]" Table="[xml_index_nodes_144719568_256000]" Schema="[sys]" Database="[master]"></StatisticsInfo><StatisticsInfo LastUpdate="2025-04-28T16:06:19.20" ModificationCount="0" SamplingPercent="100" Statistics="[primary_idx_xmlIndex]" Table="[xml_index_nodes_144719568_256000]" Schema="[sys]" Database="[master]"></StatisticsInfo><StatisticsInfo LastUpdate="2025-04-28T16:11:44.60" ModificationCount="0" SamplingPercent="100" Statistics="[_WA_Sys_00000009_226010D3]" Table="[xml_index_nodes_144719568_256000]" Schema="[sys]" Database="[master]"></StatisticsInfo></OptimizerStatsUsage><QueryTimeStats ElapsedTime="0" CpuTime="0"></QueryTimeStats><RelOp NodeId="0" PhysicalOp="Nested Loops" LogicalOp="Left Semi Join" EstimateRows="1" EstimateRowsWithoutRowGoal="1" EstimateIO="0" EstimateCPU="4.18e-06" AvgRowSize="4039" EstimatedTotalSubtreeCost="0.0178375" Parallel="0" EstimateRebinds="0" EstimateRewinds="0" EstimatedExecutionMode="Row"><OutputList><ColumnReference Database="[master]" Schema="[dbo]" Table="[Report]" Column="id"></ColumnReference><ColumnReference Database="[master]" Schema="[dbo]" Table="[Report]" Column="ReportData"></ColumnReference></OutputList><RunTimeInformation><RunTimeCountersPerThread Thread="0" ActualRows="1" Batches="0" ActualElapsedms="0" ActualCPUms="0" ActualEndOfScans="1" ActualExecutions="1" ActualExecutionMode="Row"></RunTimeCountersPerThread></RunTimeInformation><NestedLoops Optimized="0"><OuterReferences><ColumnReference Database="[master]" Schema="[dbo]" Table="[Report]" Column="id"></ColumnReference></OuterReferences><RelOp NodeId="1" PhysicalOp="Filter" LogicalOp="Filter" EstimateRows="1" EstimateIO="0" EstimateCPU="4.8e-07" AvgRowSize="4039" EstimatedTotalSubtreeCost="0.00328358" Parallel="0" EstimateRebinds="0" EstimateRewinds="0" EstimatedExecutionMode="Row"><OutputList><ColumnReference Database="[master]" Schema="[dbo]" Table="[Report]" Column="id"></ColumnReference><ColumnReference Database="[master]" Schema="[dbo]" Table="[Report]" Column="ReportData"></ColumnReference></OutputList><RunTimeInformation><RunTimeCountersPerThread Thread="0" ActualRows="1" Batches="0" ActualElapsedms="0" ActualCPUms="0" ActualEndOfScans="1" ActualExecutions="1" ActualExecutionMode="Row"></RunTimeCountersPerThread></RunTimeInformation><Filter StartupExpression="0"><RelOp NodeId="2" PhysicalOp="Clustered Index Scan" LogicalOp="Clustered Index Scan" EstimateRows="1" EstimatedRowsRead="1" EstimateIO="0.003125" EstimateCPU="0.0001581" AvgRowSize="4039" EstimatedTotalSubtreeCost="0.0032831" TableCardinality="1" Parallel="0" EstimateRebinds="0" EstimateRewinds="0" EstimatedExecutionMode="Row"><OutputList><ColumnReference Database="[master]" Schema="[dbo]" Table="[Report]" Column="id"></ColumnReference><ColumnReference Database="[master]" Schema="[dbo]" Table="[Report]" Column="ReportData"></ColumnReference></OutputList><RunTimeInformation><RunTimeCountersPerThread Thread="0" ActualRows="1" Batches="0" ActualElapsedms="0" ActualCPUms="0" ActualScans="1" ActualLogicalReads="2" ActualPhysicalReads="0" ActualReadAheads="0" ActualLobLogicalReads="0" ActualLobPhysicalReads="0" ActualLobReadAheads="0" ActualRowsRead="1" ActualEndOfScans="1" ActualExecutions="1" ActualExecutionMode="Row"></RunTimeCountersPerThread></RunTimeInformation><IndexScan Ordered="0" ForcedIndex="0" ForceScan="0" NoExpandHint="0" Storage="RowStore"><DefinedValues><DefinedValue><ColumnReference Database="[master]" Schema="[dbo]" Table="[Report]" Column="id"></ColumnReference></DefinedValue><DefinedValue><ColumnReference Database="[master]" Schema="[dbo]" Table="[Report]" Column="ReportData"></ColumnReference></DefinedValue></DefinedValues><Object Database="[master]" Schema="[dbo]" Table="[Report]" Index="[PK__Report__3213E83FDD8E8932]" IndexKind="Clustered" Storage="RowStore"></Object></IndexScan></RelOp><Predicate><ScalarOperator ScalarString="[master].[dbo].[Report].[ReportData] IS NOT NULL"><Compare CompareOp="IS NOT"><ScalarOperator><Identifier><ColumnReference Database="[master]" Schema="[dbo]" Table="[Report]" Column="ReportData"></ColumnReference></Identifier></ScalarOperator><ScalarOperator><Const ConstValue="NULL"></Const></ScalarOperator></Compare></ScalarOperator></Predicate></Filter></RelOp><RelOp NodeId="3" PhysicalOp="Nested Loops" LogicalOp="Inner Join" EstimateRows="1" EstimateIO="0" EstimateCPU="4.18e-06" AvgRowSize="9" EstimatedTotalSubtreeCost="0.0145497" Parallel="0" EstimateRebinds="0" EstimateRewinds="0" EstimatedExecutionMode="Row"><OutputList></OutputList><RunTimeInformation><RunTimeCountersPerThread Thread="0" ActualRows="1" Batches="0" ActualElapsedms="0" ActualCPUms="0" ActualEndOfScans="0" ActualExecutions="1" ActualExecutionMode="Row"></RunTimeCountersPerThread></RunTimeInformation><NestedLoops Optimized="0"><OuterReferences><ColumnReference Database="[master]" Schema="[sys]" Table="[xml_index_nodes_144719568_256000]" Alias="[Orders:1]" Column="id"></ColumnReference></OuterReferences><RelOp NodeId="4" PhysicalOp="Clustered Index Seek" LogicalOp="Clustered Index Seek" EstimateRows="1" EstimatedRowsRead="1060" EstimateIO="0.00831019" EstimateCPU="0.001323" AvgRowSize="469" EstimatedTotalSubtreeCost="0.00963319" TableCardinality="1060" Parallel="0" EstimateRebinds="0" EstimateRewinds="0" EstimatedExecutionMode="Row"><OutputList><ColumnReference Database="[master]" Schema="[sys]" Table="[xml_index_nodes_144719568_256000]" Alias="[Orders:1]" Column="id"></ColumnReference></OutputList><RunTimeInformation><RunTimeCountersPerThread Thread="0" ActualRows="1" Batches="0" ActualElapsedms="0" ActualCPUms="0" ActualScans="1" ActualLogicalReads="3" ActualPhysicalReads="0" ActualReadAheads="0" ActualLobLogicalReads="0" ActualLobPhysicalReads="0" ActualLobReadAheads="0" ActualRowsRead="2" ActualEndOfScans="0" ActualExecutions="1" ActualExecutionMode="Row"></RunTimeCountersPerThread></RunTimeInformation><IndexScan Ordered="1" ScanDirection="FORWARD" ForcedIndex="0" ForceSeek="0" ForceScan="0" NoExpandHint="0" Storage="RowStore"><DefinedValues><DefinedValue><ColumnReference Database="[master]" Schema="[sys]" Table="[xml_index_nodes_144719568_256000]" Alias="[Orders:1]" Column="id"></ColumnReference></DefinedValue></DefinedValues><Object Database="[master]" Schema="[sys]" Table="[xml_index_nodes_144719568_256000]" Index="[primary_idx_xmlIndex]" Alias="[Orders:1]" IndexKind="PrimaryXML" Storage="RowStore"></Object><SeekPredicates><SeekPredicateNew><SeekKeys><Prefix ScanType="EQ"><RangeColumns><ColumnReference Database="[master]" Schema="[sys]" Table="[xml_index_nodes_144719568_256000]" Alias="[Orders:1]" Column="pk1"></ColumnReference></RangeColumns><RangeExpressions><ScalarOperator ScalarString="[master].[dbo].[Report].[id]"><Identifier><ColumnReference Database="[master]" Schema="[dbo]" Table="[Report]" Column="id"></ColumnReference></Identifier></ScalarOperator></RangeExpressions></Prefix></SeekKeys></SeekPredicateNew></SeekPredicates><Predicate><ScalarOperator ScalarString="[master].[sys].[xml_index_nodes_144719568_256000].[hid] as [Orders:1].[hid]=&apos;À€&apos;"><Compare CompareOp="EQ"><ScalarOperator><Identifier><ColumnReference Database="[master]" Schema="[sys]" Table="[xml_index_nodes_144719568_256000]" Alias="[Orders:1]" Column="hid"></ColumnReference></Identifier></ScalarOperator><ScalarOperator><Const ConstValue="&apos;À€&apos;"></Const></ScalarOperator></Compare></ScalarOperator></Predicate></IndexScan></RelOp><RelOp NodeId="5" PhysicalOp="Top" LogicalOp="Top" EstimateRows="1" EstimateIO="0" EstimateCPU="1e-07" AvgRowSize="9" EstimatedTotalSubtreeCost="0.00440357" Parallel="0" EstimateRebinds="0" EstimateRewinds="0" EstimatedExecutionMode="Row"><OutputList></OutputList><RunTimeInformation><RunTimeCountersPerThread Thread="0" ActualRows="1" Batches="0" ActualElapsedms="0" ActualCPUms="0" ActualEndOfScans="0" ActualExecutions="1" ActualExecutionMode="Row"></RunTimeCountersPerThread></RunTimeInformation><Top RowCount="0" IsPercent="0" WithTies="0"><TopExpression><ScalarOperator ScalarString="(1)"><Const ConstValue="(1)"></Const></ScalarOperator></TopExpression><RelOp NodeId="6" PhysicalOp="Compute Scalar" LogicalOp="Compute Scalar" EstimateRows="1" EstimateIO="0" EstimateCPU="1e-07" AvgRowSize="470" EstimatedTotalSubtreeCost="0.00440347" Parallel="0" EstimateRebinds="0" EstimateRewinds="0" EstimatedExecutionMode="Row">
<OutputList><ColumnReference Database="[master]" Schema="[sys]" Table="[xml_index_nodes_144719568_256000]" Alias="[Order:2]" 
Column="id"></ColumnReference><ColumnReference Database="[master]" Schema="[sys]" Table="[xml_index_nodes_144719568_256000]" Alias="[Order:2]" Column="pk1">
</ColumnReference><ColumnReference Column="Expr1008"></ColumnReference></OutputList><ComputeScalar><DefinedValues><DefinedValue>
<ColumnReference Column="Expr1008"></ColumnReference><ScalarOperator ScalarString="0x58"><Const ConstValue="0x58"></Const></ScalarOperator></DefinedValue>
</DefinedValues><RelOp NodeId="8" PhysicalOp="Clustered Index Seek" LogicalOp="Clustered Index Seek" EstimateRows="9.26144" EstimatedRowsRead="174.176" EstimateIO="0.00386574" EstimateCPU="0.000348593" AvgRowSize="470" EstimatedTotalSubtreeCost="0.00421433" TableCardinality="1060" Parallel="0" EstimateRebinds="0" EstimateRewinds="0" EstimatedExecutionMode="Row"><OutputList><ColumnReference Database="[master]" Schema="[sys]" Table="[xml_index_nodes_144719568_256000]" Alias="[Order:2]" Column="id"></ColumnReference><ColumnReference Database="[master]" Schema="[sys]" Table="[xml_index_nodes_144719568_256000]" Alias="[Order:2]" Column="hid"></ColumnReference><ColumnReference Database="[master]" Schema="[sys]" Table="[xml_index_nodes_144719568_256000]" Alias="[Order:2]" Column="pk1"></ColumnReference></OutputList><RunTimeInformation><RunTimeCountersPerThread Thread="0" ActualRows="1" Batches="0" ActualElapsedms="0" ActualCPUms="0" ActualScans="1" ActualLogicalReads="3" ActualPhysicalReads="0" ActualReadAheads="0" ActualLobLogicalReads="0" ActualLobPhysicalReads="0" ActualLobReadAheads="0" ActualRowsRead="2" ActualEndOfScans="0" ActualExecutions="1" ActualExecutionMode="Row"></RunTimeCountersPerThread></RunTimeInformation><IndexScan Ordered="1" ScanDirection="FORWARD" ForcedIndex="0" ForceSeek="0" ForceScan="0" NoExpandHint="0" Storage="RowStore"><DefinedValues><DefinedValue><ColumnReference Database="[master]" Schema="[sys]" Table="[xml_index_nodes_144719568_256000]" Alias="[Order:2]" Column="id"></ColumnReference></DefinedValue><DefinedValue><ColumnReference Database="[master]" Schema="[sys]" Table="[xml_index_nodes_144719568_256000]" Alias="[Order:2]" Column="hid"></ColumnReference></DefinedValue><DefinedValue><ColumnReference Database="[master]" Schema="[sys]" Table="[xml_index_nodes_144719568_256000]" Alias="[Order:2]" Column="pk1"></ColumnReference></DefinedValue></DefinedValues><Object Database="[master]" Schema="[sys]" Table="[xml_index_nodes_144719568_256000]" Index="[primary_idx_xmlIndex]" Alias="[Order:2]" IndexKind="PrimaryXML" Storage="RowStore"></Object><SeekPredicates><SeekPredicateNew><SeekKeys><Prefix ScanType="EQ"><RangeColumns><ColumnReference Database="[master]" Schema="[sys]" Table="[xml_index_nodes_144719568_256000]" Alias="[Order:2]" Column="pk1"></ColumnReference></RangeColumns><RangeExpressions><ScalarOperator ScalarString="[master].[dbo].[Report].[id]"><Identifier><ColumnReference Database="[master]" Schema="[dbo]" Table="[Report]" Column="id"></ColumnReference></Identifier></ScalarOperator></RangeExpressions></Prefix><StartRange ScanType="GE"><RangeColumns><ColumnReference Database="[master]" Schema="[sys]" Table="[xml_index_nodes_144719568_256000]" Alias="[Order:2]" Column="id"></ColumnReference></RangeColumns><RangeExpressions><ScalarOperator ScalarString="[master].[sys].[xml_index_nodes_144719568_256000].[id] as [Orders:1].[id]"><Identifier><ColumnReference Database="[master]" 
Schema="[sys]" Table="[xml_index_nodes_144719568_256000]" Alias="[Orders:1]" Column="id"></ColumnReference></Identifier>
</ScalarOperator></RangeExpressions></StartRange><EndRange ScanType="LT"><RangeColumns><ColumnReference Database="[master]" 
Schema="[sys]" Table="[xml_index_nodes_144719568_256000]" Alias="[Order:2]" Column="id"></ColumnReference></RangeColumns>
<RangeExpressions><ScalarOperator ScalarString="getdescendantlimit([master].[sys].[xml_index_nodes_144719568_256000].[id] as [Orders:1].[id])">
<Intrinsic FunctionName="getdescendantlimit"><ScalarOperator><Identifier><ColumnReference Database="[master]" Schema="[sys]" Table="[xml_index_nodes_144719568_256000]" 
Alias="[Orders:1]" Column="id"></ColumnReference></Identifier></ScalarOperator></Intrinsic></ScalarOperator></RangeExpressions></EndRange></SeekKeys></SeekPredicateNew>
</SeekPredicates><Predicate><ScalarOperator ScalarString="[master].[sys].[xml_index_nodes_144719568_256000].[hid] as [Order:2].[hid]=&apos;Á€À€&apos; 
AND [master].[sys].[xml_index_nodes_144719568_256000].[id] as [Orders:1].[id]=getancestor([master].[sys].[xml_index_nodes_144719568_256000].[id] as [Order:2].[id],(1))"><Logical Operation="AND"><ScalarOperator><Compare CompareOp="EQ"><ScalarOperator><Identifier><ColumnReference Database="[master]" Schema="[sys]" Table="[xml_index_nodes_144719568_256000]" Alias="[Order:2]" Column="hid"></ColumnReference></Identifier></ScalarOperator><ScalarOperator><Const ConstValue="&apos;Á€À€&apos;"></Const></ScalarOperator></Compare></ScalarOperator><ScalarOperator><Compare CompareOp="EQ"><ScalarOperator><Identifier><ColumnReference Database="[master]" Schema="[sys]" Table="[xml_index_nodes_144719568_256000]" Alias="[Orders:1]" Column="id"></ColumnReference></Identifier></ScalarOperator><ScalarOperator><Intrinsic FunctionName="getancestor"><ScalarOperator><Identifier><ColumnReference Database="[master]" Schema="[sys]" Table="[xml_index_nodes_144719568_256000]" Alias="[Order:2]" Column="id"></ColumnReference></Identifier></ScalarOperator><ScalarOperator><Const ConstValue="(1)"></Const></ScalarOperator></Intrinsic></ScalarOperator></Compare></ScalarOperator></Logical></ScalarOperator></Predicate></IndexScan></RelOp></ComputeScalar></RelOp></Top></RelOp></NestedLoops></RelOp></NestedLoops></RelOp></QueryPlan></StmtSimple></Statements></Batch></BatchSequence></ShowPlanXML>